{"/Users/zuzannakoscielniak/Desktop/Rick_and_Morty/Rick_and_Morty/src/Components/Button.tsx": {"path":"/Users/zuzannakoscielniak/Desktop/Rick_and_Morty/Rick_and_Morty/src/Components/Button.tsx","statementMap":{"0":{"start":{"line":1,"column":0},"end":{"line":1,"column":51}},"1":{"start":{"line":2,"column":0},"end":{"line":2,"column":40}},"2":{"start":{"line":3,"column":0},"end":{"line":3,"column":29}},"3":{"start":{"line":11,"column":38},"end":{"line":21,"column":1}},"4":{"start":{"line":12,"column":4},"end":{"line":20,"column":null}},"5":{"start":{"line":23,"column":0},"end":{"line":23,"column":22}}},"fnMap":{"0":{"name":"(anonymous_1)","decl":{"start":{"line":11,"column":38},"end":{"line":11,"column":39}},"loc":{"start":{"line":11,"column":66},"end":{"line":21,"column":1}}}},"branchMap":{"0":{"loc":{"start":{"line":13,"column":18},"end":{"line":13,"column":28}},"type":"binary-expr","locations":[{"start":{"line":13,"column":18},"end":{"line":13,"column":22}},{"start":{"line":13,"column":26},"end":{"line":13,"column":28}}]},"1":{"loc":{"start":{"line":15,"column":29},"end":{"line":15,"column":49}},"type":"binary-expr","locations":[{"start":{"line":15,"column":29},"end":{"line":15,"column":36}},{"start":{"line":15,"column":40},"end":{"line":15,"column":49}}]}},"s":{"0":1,"1":1,"2":1,"3":1,"4":2,"5":1},"f":{"0":2},"b":{"0":[2,2],"1":[2,2]}}
}
